# JRE version: OpenJDK Runtime Environment (8.0_76-b03) (build 1.8.0_76-release-b03)
# Java VM: OpenJDK 64-Bit Server VM (25.76-b03 mixed mode linux-amd64 compressed oops)
Heap:
 PSYoungGen      total 157696K, used 6112K [0x000000078ee00000, 0x0000000798e00000, 0x00000007c0000000)
  eden space 151552K, 0% used [0x000000078ee00000,0x000000078ee00000,0x0000000798200000)
  from space 6144K, 99% used [0x0000000798200000,0x00000007987f8020,0x0000000798800000)
  to   space 6144K, 0% used [0x0000000798800000,0x0000000798800000,0x0000000798e00000)
 ParOldGen       total 101376K, used 52751K [0x000000072ca00000, 0x0000000732d00000, 0x000000078ee00000)
  object space 101376K, 52% used [0x000000072ca00000,0x000000072fd83f80,0x0000000732d00000)
 Metaspace       used 3649K, capacity 5144K, committed 5376K, reserved 1056768K
  class space    used 376K, capacity 456K, committed 512K, reserved 1048576K
GC Heap History (9 events):
Event: 0,761 GC heap before
{Heap before GC invocations=1 (full 0):
 PSYoungGen      total 44032K, used 37888K [0x000000078ee00000, 0x0000000791f00000, 0x00000007c0000000)
  eden space 37888K, 100% used [0x000000078ee00000,0x0000000791300000,0x0000000791300000)
  from space 6144K, 0% used [0x0000000791900000,0x0000000791900000,0x0000000791f00000)
  to   space 6144K, 0% used [0x0000000791300000,0x0000000791300000,0x0000000791900000)
 ParOldGen       total 101376K, used 0K [0x000000072ca00000, 0x0000000732d00000, 0x000000078ee00000)
  object space 101376K, 0% used [0x000000072ca00000,0x000000072ca00000,0x0000000732d00000)
 Metaspace       used 3602K, capacity 5144K, committed 5376K, reserved 1056768K
  class space    used 372K, capacity 456K, committed 512K, reserved 1048576K
Event: 0,769 GC heap after
Heap after GC invocations=1 (full 0):
 PSYoungGen      total 44032K, used 4627K [0x000000078ee00000, 0x0000000794400000, 0x00000007c0000000)
  eden space 37888K, 0% used [0x000000078ee00000,0x000000078ee00000,0x0000000791300000)
  from space 6144K, 75% used [0x0000000791300000,0x0000000791784d20,0x0000000791900000)
  to   space 6144K, 0% used [0x0000000793e00000,0x0000000793e00000,0x0000000794400000)
 ParOldGen       total 101376K, used 8K [0x000000072ca00000, 0x0000000732d00000, 0x000000078ee00000)
  object space 101376K, 0% used [0x000000072ca00000,0x000000072ca02000,0x0000000732d00000)
 Metaspace       used 3602K, capacity 5144K, committed 5376K, reserved 1056768K
  class space    used 372K, capacity 456K, committed 512K, reserved 1048576K
}
Event: 0,978 GC heap before
{Heap before GC invocations=2 (full 0):
 PSYoungGen      total 44032K, used 42515K [0x000000078ee00000, 0x0000000794400000, 0x00000007c0000000)
  eden space 37888K, 100% used [0x000000078ee00000,0x0000000791300000,0x0000000791300000)
  from space 6144K, 75% used [0x0000000791300000,0x0000000791784d20,0x0000000791900000)
  to   space 6144K, 0% used [0x0000000793e00000,0x0000000793e00000,0x0000000794400000)
 ParOldGen       total 101376K, used 8K [0x000000072ca00000, 0x0000000732d00000, 0x000000078ee00000)
  object space 101376K, 0% used [0x000000072ca00000,0x000000072ca02000,0x0000000732d00000)
 Metaspace       used 3640K, capacity 5144K, committed 5376K, reserved 1056768K
  class space    used 376K, capacity 456K, committed 512K, reserved 1048576K
Event: 0,992 GC heap after
Heap after GC invocations=2 (full 0):
 PSYoungGen      total 81920K, used 6123K [0x000000078ee00000, 0x0000000794400000, 0x00000007c0000000)
  eden space 75776K, 0% used [0x000000078ee00000,0x000000078ee00000,0x0000000793800000)
  from space 6144K, 99% used [0x0000000793e00000,0x00000007943fac50,0x0000000794400000)
  to   space 6144K, 0% used [0x0000000793800000,0x0000000793800000,0x0000000793e00000)
 ParOldGen       total 101376K, used 1305K [0x000000072ca00000, 0x0000000732d00000, 0x000000078ee00000)
  object space 101376K, 1% used [0x000000072ca00000,0x000000072cb46798,0x0000000732d00000)
 Metaspace       used 3640K, capacity 5144K, committed 5376K, reserved 1056768K
  class space    used 376K, capacity 456K, committed 512K, reserved 1048576K
}
Event: 1,404 GC heap before
{Heap before GC invocations=3 (full 0):
 PSYoungGen      total 81920K, used 81899K [0x000000078ee00000, 0x0000000794400000, 0x00000007c0000000)
  eden space 75776K, 100% used [0x000000078ee00000,0x0000000793800000,0x0000000793800000)
  from space 6144K, 99% used [0x0000000793e00000,0x00000007943fac50,0x0000000794400000)
  to   space 6144K, 0% used [0x0000000793800000,0x0000000793800000,0x0000000793e00000)
 ParOldGen       total 101376K, used 1305K [0x000000072ca00000, 0x0000000732d00000, 0x000000078ee00000)
  object space 101376K, 1% used [0x000000072ca00000,0x000000072cb46798,0x0000000732d00000)
 Metaspace       used 3645K, capacity 5144K, committed 5376K, reserved 1056768K
  class space    used 376K, capacity 456K, committed 512K, reserved 1048576K
Event: 1,434 GC heap after
Heap after GC invocations=3 (full 0):
 PSYoungGen      total 81920K, used 6116K [0x000000078ee00000, 0x0000000798e00000, 0x00000007c0000000)
  eden space 75776K, 0% used [0x000000078ee00000,0x000000078ee00000,0x0000000793800000)
  from space 6144K, 99% used [0x0000000793800000,0x0000000793df9050,0x0000000793e00000)
  to   space 6144K, 0% used [0x0000000798800000,0x0000000798800000,0x0000000798e00000)
 ParOldGen       total 101376K, used 11642K [0x000000072ca00000, 0x0000000732d00000, 0x000000078ee00000)
  object space 101376K, 11% used [0x000000072ca00000,0x000000072d55ead8,0x0000000732d00000)
 Metaspace       used 3645K, capacity 5144K, committed 5376K, reserved 1056768K
  class space    used 376K, capacity 456K, committed 512K, reserved 1048576K
}
Event: 1,722 GC heap before
{Heap before GC invocations=4 (full 0):
 PSYoungGen      total 81920K, used 81892K [0x000000078ee00000, 0x0000000798e00000, 0x00000007c0000000)
  eden space 75776K, 100% used [0x000000078ee00000,0x0000000793800000,0x0000000793800000)
  from space 6144K, 99% used [0x0000000793800000,0x0000000793df9050,0x0000000793e00000)
  to   space 6144K, 0% used [0x0000000798800000,0x0000000798800000,0x0000000798e00000)
 ParOldGen       total 101376K, used 11642K [0x000000072ca00000, 0x0000000732d00000, 0x000000078ee00000)
  object space 101376K, 11% used [0x000000072ca00000,0x000000072d55ead8,0x0000000732d00000)
 Metaspace       used 3645K, capacity 5144K, committed 5376K, reserved 1056768K
  class space    used 376K, capacity 456K, committed 512K, reserved 1048576K
Event: 1,745 GC heap after
Heap after GC invocations=4 (full 0):
 PSYoungGen      total 157696K, used 6112K [0x000000078ee00000, 0x0000000798e00000, 0x00000007c0000000)
  eden space 151552K, 0% used [0x000000078ee00000,0x000000078ee00000,0x0000000798200000)
  from space 6144K, 99% used [0x0000000798800000,0x0000000798df8030,0x0000000798e00000)
  to   space 6144K, 0% used [0x0000000798200000,0x0000000798200000,0x0000000798800000)
 ParOldGen       total 101376K, used 24821K [0x000000072ca00000, 0x0000000732d00000, 0x000000078ee00000)
  object space 101376K, 24% used [0x000000072ca00000,0x000000072e23d600,0x0000000732d00000)
 Metaspace       used 3645K, capacity 5144K, committed 5376K, reserved 1056768K
  class space    used 376K, capacity 456K, committed 512K, reserved 1048576K
}
Event: 2,326 GC heap before
{Heap before GC invocations=5 (full 0):
 PSYoungGen      total 157696K, used 157664K [0x000000078ee00000, 0x0000000798e00000, 0x00000007c0000000)
  eden space 151552K, 100% used [0x000000078ee00000,0x0000000798200000,0x0000000798200000)
  from space 6144K, 99% used [0x0000000798800000,0x0000000798df8030,0x0000000798e00000)
  to   space 6144K, 0% used [0x0000000798200000,0x0000000798200000,0x0000000798800000)
 ParOldGen       total 101376K, used 24821K [0x000000072ca00000, 0x0000000732d00000, 0x000000078ee00000)
  object space 101376K, 24% used [0x000000072ca00000,0x000000072e23d600,0x0000000732d00000)
 Metaspace       used 3649K, capacity 5144K, committed 5376K, reserved 1056768K
  class space    used 376K, capacity 456K, committed 512K, reserved 1048576K

